<?xml version="1.0" encoding="UTF-8"?>
<!-- Generated by org.testng.reporters.JUnitXMLReporter -->
<testsuite hostname="DESKTOP-2H64KVE" ignored="0" name="login1" tests="1" failures="1" timestamp="15 Apr 2018 06:45:58 GMT" time="0.046" errors="0">
  <testcase name="LoginTest3" time="0.0" classname="Mainclass.Test.logintestmaven">
    <failure type="org.testng.TestNGException" message="
Cannot inject @Test annotated Method [LoginTest3] with [class java.lang.String].
For more information on native dependency injection please refer to http://testng.org/doc/documentation-main.html#native-dependency-injection">
      <![CDATA[org.testng.TestNGException: 
Cannot inject @Test annotated Method [LoginTest3] with [class java.lang.String].
For more information on native dependency injection please refer to http://testng.org/doc/documentation-main.html#native-dependency-injection
at java.util.concurrent.FutureTask.run(Unknown Source)
at java.util.concurrent.ThreadPoolExecutor.runWorker(Unknown Source)
at java.util.concurrent.ThreadPoolExecutor$Worker.run(Unknown Source)
at java.lang.Thread.run(Unknown Source)
... Removed 15 stack frames]]>
    </failure>
  </testcase> <!-- LoginTest3 -->
</testsuite> <!-- login1 -->
